{
  "RSpec": {
    "coverage": {
      "/home/gurudath/Project/Oracle/new_employee_template/phone_book/app/models/user.rb": [
        1,
        1,
        null,
        null,
        null,
        1,
        null,
        null,
        null,
        null,
        null,
        1,
        null,
        1,
        2,
        null,
        null
      ],
      "/home/gurudath/Project/Oracle/new_employee_template/phone_book/app/models/application_record.rb": [
        1,
        1,
        1,
        null,
        null,
        1,
        null,
        null,
        null,
        1,
        null,
        null,
        null,
        1,
        null,
        null,
        null,
        1,
        null,
        null,
        null,
        1,
        null,
        null,
        null,
        1,
        null,
        null,
        null,
        1,
        null,
        null,
        null,
        null
      ],
      "/home/gurudath/Project/Oracle/new_employee_template/phone_book/app/helpers/application_helper.rb": [
        1,
        null,
        1,
        0,
        0,
        null,
        null,
        null,
        1,
        0,
        0,
        null,
        0,
        null,
        null,
        null,
        null,
        1,
        0,
        0,
        null,
        0,
        null,
        null,
        null,
        1,
        0,
        0,
        0,
        0,
        0,
        null,
        null,
        0,
        0,
        0,
        0,
        null,
        null,
        null,
        null,
        null,
        null,
        null
      ],
      "/home/gurudath/Project/Oracle/new_employee_template/phone_book/app/helpers/contacts_helper.rb": [
        1,
        null
      ],
      "/home/gurudath/Project/Oracle/new_employee_template/phone_book/app/helpers/home_helper.rb": [
        1,
        null
      ],
      "/home/gurudath/Project/Oracle/new_employee_template/phone_book/app/helpers/users_helper.rb": [
        1,
        null
      ],
      "/home/gurudath/Project/Oracle/new_employee_template/phone_book/app/models/address.rb": [
        1,
        1,
        1,
        1,
        1,
        null,
        null
      ],
      "/home/gurudath/Project/Oracle/new_employee_template/phone_book/app/models/contact.rb": [
        1,
        1,
        1,
        null,
        1,
        null,
        1,
        1,
        null,
        1,
        1,
        2,
        null,
        null,
        null,
        1,
        1,
        2,
        null,
        null,
        null,
        null
      ],
      "/home/gurudath/Project/Oracle/new_employee_template/phone_book/app/models/country.rb": [
        1,
        1,
        1,
        null
      ],
      "/home/gurudath/Project/Oracle/new_employee_template/phone_book/app/models/phone_number.rb": [
        1,
        1,
        1,
        1,
        1,
        1,
        1,
        1,
        1,
        null,
        1,
        3,
        null,
        null,
        null
      ],
      "/home/gurudath/Project/Oracle/new_employee_template/phone_book/app/models/role.rb": [
        1,
        1,
        null,
        1,
        null,
        null,
        null,
        1,
        null,
        null,
        null,
        1,
        null
      ],
      "/home/gurudath/Project/Oracle/new_employee_template/phone_book/app/controllers/application_controller.rb": [
        0,
        null,
        null,
        null,
        null,
        0,
        0,
        0,
        0,
        0,
        0,
        null,
        0,
        0,
        0,
        null,
        0,
        0,
        0,
        null,
        0,
        0,
        0,
        null,
        0,
        0,
        0,
        0,
        null,
        0,
        0,
        0,
        0,
        0,
        null,
        0,
        null,
        0,
        0,
        0,
        0,
        0,
        0,
        0,
        null,
        0,
        0,
        0,
        0,
        null,
        0
      ],
      "/home/gurudath/Project/Oracle/new_employee_template/phone_book/app/controllers/users_controller.rb": [
        0,
        null,
        0,
        null,
        0,
        null,
        null,
        0,
        0,
        0,
        0,
        null,
        0,
        0,
        0,
        null,
        0,
        0,
        null,
        0,
        0,
        null,
        0,
        null,
        0,
        null,
        0,
        null,
        0,
        0,
        0,
        0,
        null,
        0,
        0,
        null,
        0,
        0,
        0,
        0,
        null,
        0,
        null,
        0,
        0,
        0,
        0,
        0,
        null,
        0,
        0,
        0,
        null,
        0,
        0,
        0,
        0,
        0,
        0,
        0
      ],
      "/home/gurudath/Project/Oracle/new_employee_template/phone_book/app/controllers/contacts_controller.rb": [
        0,
        0,
        null,
        0,
        0,
        0,
        null,
        0,
        0,
        null,
        0,
        0,
        0,
        null,
        0,
        0,
        null,
        0,
        0,
        0,
        0,
        0,
        0,
        0,
        0,
        0,
        0,
        0,
        0,
        0,
        0,
        null,
        0,
        0,
        0,
        0,
        0,
        0,
        0,
        0,
        0,
        0,
        0,
        0,
        0,
        0,
        0,
        null,
        0,
        0,
        0,
        0,
        0,
        0,
        0,
        null,
        0,
        null,
        0,
        0,
        0,
        null,
        0,
        0,
        0,
        0
      ],
      "/home/gurudath/Project/Oracle/new_employee_template/phone_book/app/controllers/home_controller.rb": [
        0,
        0,
        0,
        0,
        0,
        null,
        0,
        0,
        0,
        0
      ],
      "/home/gurudath/Project/Oracle/new_employee_template/phone_book/app/models/ability.rb": [
        0,
        0,
        null,
        0,
        null,
        null,
        null,
        0,
        0,
        0,
        0,
        0,
        null,
        null,
        null,
        null,
        null,
        null,
        null,
        null,
        null,
        null,
        null,
        null,
        null,
        null,
        null,
        null,
        null,
        null,
        0,
        0
      ],
      "/home/gurudath/Project/Oracle/new_employee_template/phone_book/app/channels/application_cable/channel.rb": [
        0,
        0,
        0,
        0
      ],
      "/home/gurudath/Project/Oracle/new_employee_template/phone_book/app/channels/application_cable/connection.rb": [
        0,
        0,
        0,
        0
      ]
    },
    "timestamp": 1507540700
  }
}
